<?xml version='1.0' encoding='UTF-8'?>
<testsuite hostname="NUKO" name="sproof.core.SubstSuite" tests="13" errors="0" failures="0" skipped="0" time="0.022" timestamp="2026-02-26T09:16:25">
          <properties>
[...]
</properties>
          <testcase classname="sproof.core.SubstSuite" name="shift: universe is unchanged" time="0.013">
                      
                    </testcase><testcase classname="sproof.core.SubstSuite" name="shift: Var(0) → Var(1)" time="0.002">
                      
                    </testcase><testcase classname="sproof.core.SubstSuite" name="shift: Var(2) → Var(3) with d=1" time="0.0">
                      
                    </testcase><testcase classname="sproof.core.SubstSuite" name="shift: bound var in Lam stays bound" time="0.001">
                      
                    </testcase><testcase classname="sproof.core.SubstSuite" name="shift: free Var(1) under Lam gets shifted" time="0.0">
                      
                    </testcase><testcase classname="sproof.core.SubstSuite" name="shift: nested Pi both sides" time="0.001">
                      
                    </testcase><testcase classname="sproof.core.SubstSuite" name="subst: replace Var(0) with Uni(0)" time="0.0">
                      
                    </testcase><testcase classname="sproof.core.SubstSuite" name="subst: Var(1) &gt; 0 becomes Var(0) (shift down)" time="0.001">
                      
                    </testcase><testcase classname="sproof.core.SubstSuite" name="subst: Var(0) &lt; 0 impossible; index exactly 0 replaced" time="0.001">
                      
                    </testcase><testcase classname="sproof.core.SubstSuite" name="subst: inside Lam, index shifts up by 1" time="0.001">
                      
                    </testcase><testcase classname="sproof.core.SubstSuite" name="shiftFrom: cutoff below var" time="0.001">
                      
                    </testcase><testcase classname="sproof.core.SubstSuite" name="subst: App with no occurrence of 0" time="0.001">
                      
                    </testcase><testcase classname="sproof.core.SubstSuite" name="substN: substitute index 1" time="0.0">
                      
                    </testcase>
          <system-out><![CDATA[]]></system-out>
          <system-err><![CDATA[]]></system-err>
        </testsuite>