<?xml version='1.0' encoding='UTF-8'?>
<testsuite hostname="NUKO" name="sproof.tactic.TacticMSuite" tests="14" errors="0" failures="0" skipped="0" time="0.229" timestamp="2026-02-26T09:16:27">
          <properties>
[...]
</properties>
          <testcase classname="sproof.tactic.TacticMSuite" name="pure returns value without changing state" time="0.044">
                      
                    </testcase><testcase classname="sproof.tactic.TacticMSuite" name="fail returns the given error" time="0.001">
                      
                    </testcase><testcase classname="sproof.tactic.TacticMSuite" name="currentGoal on empty state fails with NoGoals" time="0.172">
                      
                    </testcase><testcase classname="sproof.tactic.TacticMSuite" name="currentGoal returns first goal when goals exist" time="0.001">
                      
                    </testcase><testcase classname="sproof.tactic.TacticMSuite" name="currentGoal returns first of multiple goals" time="0.0">
                      
                    </testcase><testcase classname="sproof.tactic.TacticMSuite" name="solveGoalWith removes goal and stores evidence" time="0.003">
                      
                    </testcase><testcase classname="sproof.tactic.TacticMSuite" name="solveGoalWith leaves other goals intact" time="0.001">
                      
                    </testcase><testcase classname="sproof.tactic.TacticMSuite" name="addGoal adds a goal and returns its MetaVar" time="0.001">
                      
                    </testcase><testcase classname="sproof.tactic.TacticMSuite" name="addGoal increments nextMeta" time="0.001">
                      
                    </testcase><testcase classname="sproof.tactic.TacticMSuite" name="prove creates initial state and returns evidence term" time="0.001">
                      
                    </testcase><testcase classname="sproof.tactic.TacticMSuite" name="prove fails if goals remain unsolved" time="0.001">
                      
                    </testcase><testcase classname="sproof.tactic.TacticMSuite" name="prove fails if main goal was not solved" time="0.001">
                      
                    </testcase><testcase classname="sproof.tactic.TacticMSuite" name="flatMap sequences tactics" time="0.001">
                      
                    </testcase><testcase classname="sproof.tactic.TacticMSuite" name="fail short-circuits subsequent tactics" time="0.001">
                      
                    </testcase>
          <system-out><![CDATA[]]></system-out>
          <system-err><![CDATA[]]></system-err>
        </testsuite>